This file contains any messages produced by compilers while
running configure, to aid debugging if configure makes a mistake.

It was created by gimp-plugin-template configure 2.2.0, which was
generated by GNU Autoconf 2.59.  Invocation command line was

  $ ./configure 

## --------- ##
## Platform. ##
## --------- ##

hostname = mitch-Inspiron-N5050
uname -m = x86_64
uname -r = 3.13.0-32-generic
uname -s = Linux
uname -v = #57-Ubuntu SMP Tue Jul 15 03:51:08 UTC 2014

/usr/bin/uname -p = unknown
/bin/uname -X     = unknown

/bin/arch              = unknown
/usr/bin/arch -k       = unknown
/usr/convex/getsysinfo = unknown
hostinfo               = unknown
/bin/machine           = unknown
/usr/bin/oslevel       = unknown
/bin/universe          = unknown

PATH: /usr/local/sbin
PATH: /usr/local/bin
PATH: /usr/sbin
PATH: /usr/bin
PATH: /sbin
PATH: /bin
PATH: /usr/games
PATH: /usr/local/games


## ----------- ##
## Core tests. ##
## ----------- ##

configure:1383: checking for a BSD-compatible install
configure:1438: result: /usr/bin/install -c
configure:1449: checking whether build environment is sane
configure:1492: result: yes
configure:1518: WARNING: `missing' script is too old or missing
configure:1526: checking for gawk
configure:1542: found /usr/bin/gawk
configure:1552: result: gawk
configure:1562: checking whether make sets $(MAKE)
configure:1582: result: yes
configure:1750: checking for style of include used by make
configure:1778: result: GNU
configure:1849: checking for gcc
configure:1865: found /usr/bin/gcc
configure:1875: result: gcc
configure:2119: checking for C compiler version
configure:2122: gcc --version </dev/null >&5
gcc (Ubuntu 4.8.2-19ubuntu1) 4.8.2
Copyright (C) 2013 Free Software Foundation, Inc.
This is free software; see the source for copying conditions.  There is NO
warranty; not even for MERCHANTABILITY or FITNESS FOR A PARTICULAR PURPOSE.

configure:2125: $? = 0
configure:2127: gcc -v </dev/null >&5
Using built-in specs.
COLLECT_GCC=gcc
COLLECT_LTO_WRAPPER=/usr/lib/gcc/x86_64-linux-gnu/4.8/lto-wrapper
Target: x86_64-linux-gnu
Configured with: ../src/configure -v --with-pkgversion='Ubuntu 4.8.2-19ubuntu1' --with-bugurl=file:///usr/share/doc/gcc-4.8/README.Bugs --enable-languages=c,c++,java,go,d,fortran,objc,obj-c++ --prefix=/usr --program-suffix=-4.8 --enable-shared --enable-linker-build-id --libexecdir=/usr/lib --without-included-gettext --enable-threads=posix --with-gxx-include-dir=/usr/include/c++/4.8 --libdir=/usr/lib --enable-nls --with-sysroot=/ --enable-clocale=gnu --enable-libstdcxx-debug --enable-libstdcxx-time=yes --enable-gnu-unique-object --disable-libmudflap --enable-plugin --with-system-zlib --disable-browser-plugin --enable-java-awt=gtk --enable-gtk-cairo --with-java-home=/usr/lib/jvm/java-1.5.0-gcj-4.8-amd64/jre --enable-java-home --with-jvm-root-dir=/usr/lib/jvm/java-1.5.0-gcj-4.8-amd64 --with-jvm-jar-dir=/usr/lib/jvm-exports/java-1.5.0-gcj-4.8-amd64 --with-arch-directory=amd64 --with-ecj-jar=/usr/share/java/eclipse-ecj.jar --enable-objc-gc --enable-multiarch --disable-werror --with-arch-32=i686 --with-abi=m64 --with-multilib-list=m32,m64,mx32 --with-tune=generic --enable-checking=release --build=x86_64-linux-gnu --host=x86_64-linux-gnu --target=x86_64-linux-gnu
Thread model: posix
gcc version 4.8.2 (Ubuntu 4.8.2-19ubuntu1) 
configure:2130: $? = 0
configure:2132: gcc -V </dev/null >&5
gcc: error: unrecognized command line option '-V'
gcc: fatal error: no input files
compilation terminated.
configure:2135: $? = 4
configure:2158: checking for C compiler default output file name
configure:2161: gcc    conftest.c  >&5
configure:2164: $? = 0
configure:2210: result: a.out
configure:2215: checking whether the C compiler works
configure:2221: ./a.out
configure:2224: $? = 0
configure:2241: result: yes
configure:2248: checking whether we are cross compiling
configure:2250: result: no
configure:2253: checking for suffix of executables
configure:2255: gcc -o conftest    conftest.c  >&5
configure:2258: $? = 0
configure:2283: result: 
configure:2289: checking for suffix of object files
configure:2310: gcc -c   conftest.c >&5
configure:2313: $? = 0
configure:2335: result: o
configure:2339: checking whether we are using the GNU C compiler
configure:2363: gcc -c   conftest.c >&5
configure:2369: $? = 0
configure:2372: test -z 			 || test ! -s conftest.err
configure:2375: $? = 0
configure:2378: test -s conftest.o
configure:2381: $? = 0
configure:2394: result: yes
configure:2400: checking whether gcc accepts -g
configure:2421: gcc -c -g  conftest.c >&5
configure:2427: $? = 0
configure:2430: test -z 			 || test ! -s conftest.err
configure:2433: $? = 0
configure:2436: test -s conftest.o
configure:2439: $? = 0
configure:2450: result: yes
configure:2467: checking for gcc option to accept ANSI C
configure:2537: gcc  -c -g -O2  conftest.c >&5
configure:2543: $? = 0
configure:2546: test -z 			 || test ! -s conftest.err
configure:2549: $? = 0
configure:2552: test -s conftest.o
configure:2555: $? = 0
configure:2573: result: none needed
configure:2591: gcc -c -g -O2  conftest.c >&5
conftest.c:2:3: error: unknown type name 'choke'
   choke me
   ^
conftest.c:2:3: error: expected '=', ',', ';', 'asm' or '__attribute__' at end of input
configure:2597: $? = 1
configure: failed program was:
| #ifndef __cplusplus
|   choke me
| #endif
configure:2729: checking dependency style of gcc
configure:2812: result: gcc3
configure:2831: checking for strerror in -lcposix
configure:2861: gcc -o conftest -g -O2   conftest.c -lcposix   >&5
/usr/bin/ld: cannot find -lcposix
collect2: error: ld returned 1 exit status
configure:2867: $? = 1
configure: failed program was:
| /* confdefs.h.  */
| 
| #define PACKAGE_NAME "gimp-plugin-template"
| #define PACKAGE_TARNAME "gimp-plugin-template"
| #define PACKAGE_VERSION "2.2.0"
| #define PACKAGE_STRING "gimp-plugin-template 2.2.0"
| #define PACKAGE_BUGREPORT ""
| #define PLUGIN_NAME PACKAGE_NAME
| #define PLUGIN_VERSION PACKAGE_VERSION
| #define PLUGIN_MAJOR_VERSION 2
| #define PLUGIN_MINOR_VERSION 2
| #define PLUGIN_MICRO_VERSION 0
| /* end confdefs.h.  */
| 
| /* Override any gcc2 internal prototype to avoid an error.  */
| #ifdef __cplusplus
| extern "C"
| #endif
| /* We use char because int might match the return type of a gcc2
|    builtin and then its argument prototype would still apply.  */
| char strerror ();
| int
| main ()
| {
| strerror ();
|   ;
|   return 0;
| }
configure:2892: result: no
configure:2946: checking for gcc
configure:2972: result: gcc
configure:3216: checking for C compiler version
configure:3219: gcc --version </dev/null >&5
gcc (Ubuntu 4.8.2-19ubuntu1) 4.8.2
Copyright (C) 2013 Free Software Foundation, Inc.
This is free software; see the source for copying conditions.  There is NO
warranty; not even for MERCHANTABILITY or FITNESS FOR A PARTICULAR PURPOSE.

configure:3222: $? = 0
configure:3224: gcc -v </dev/null >&5
Using built-in specs.
COLLECT_GCC=gcc
COLLECT_LTO_WRAPPER=/usr/lib/gcc/x86_64-linux-gnu/4.8/lto-wrapper
Target: x86_64-linux-gnu
Configured with: ../src/configure -v --with-pkgversion='Ubuntu 4.8.2-19ubuntu1' --with-bugurl=file:///usr/share/doc/gcc-4.8/README.Bugs --enable-languages=c,c++,java,go,d,fortran,objc,obj-c++ --prefix=/usr --program-suffix=-4.8 --enable-shared --enable-linker-build-id --libexecdir=/usr/lib --without-included-gettext --enable-threads=posix --with-gxx-include-dir=/usr/include/c++/4.8 --libdir=/usr/lib --enable-nls --with-sysroot=/ --enable-clocale=gnu --enable-libstdcxx-debug --enable-libstdcxx-time=yes --enable-gnu-unique-object --disable-libmudflap --enable-plugin --with-system-zlib --disable-browser-plugin --enable-java-awt=gtk --enable-gtk-cairo --with-java-home=/usr/lib/jvm/java-1.5.0-gcj-4.8-amd64/jre --enable-java-home --with-jvm-root-dir=/usr/lib/jvm/java-1.5.0-gcj-4.8-amd64 --with-jvm-jar-dir=/usr/lib/jvm-exports/java-1.5.0-gcj-4.8-amd64 --with-arch-directory=amd64 --with-ecj-jar=/usr/share/java/eclipse-ecj.jar --enable-objc-gc --enable-multiarch --disable-werror --with-arch-32=i686 --with-abi=m64 --with-multilib-list=m32,m64,mx32 --with-tune=generic --enable-checking=release --build=x86_64-linux-gnu --host=x86_64-linux-gnu --target=x86_64-linux-gnu
Thread model: posix
gcc version 4.8.2 (Ubuntu 4.8.2-19ubuntu1) 
configure:3227: $? = 0
configure:3229: gcc -V </dev/null >&5
gcc: error: unrecognized command line option '-V'
gcc: fatal error: no input files
compilation terminated.
configure:3232: $? = 4
configure:3235: checking whether we are using the GNU C compiler
configure:3290: result: yes
configure:3296: checking whether gcc accepts -g
configure:3346: result: yes
configure:3363: checking for gcc option to accept ANSI C
configure:3469: result: none needed
configure:3487: gcc -c -g -O2  conftest.c >&5
conftest.c:2:3: error: unknown type name 'choke'
   choke me
   ^
conftest.c:2:3: error: expected '=', ',', ';', 'asm' or '__attribute__' at end of input
configure:3493: $? = 1
configure: failed program was:
| #ifndef __cplusplus
|   choke me
| #endif
configure:3625: checking dependency style of gcc
configure:3708: result: gcc3
configure:3728: checking for gcc option to accept ANSI C
configure:3791: gcc  -c -g -O2  conftest.c >&5
configure:3797: $? = 0
configure:3800: test -z 			 || test ! -s conftest.err
configure:3803: $? = 0
configure:3806: test -s conftest.o
configure:3809: $? = 0
configure:3824: result: none needed
configure:3840: checking how to run the C preprocessor
configure:3875: gcc -E  conftest.c
configure:3881: $? = 0
configure:3913: gcc -E  conftest.c
conftest.c:14:28: fatal error: ac_nonexistent.h: No such file or directory
 #include <ac_nonexistent.h>
                            ^
compilation terminated.
configure:3919: $? = 1
configure: failed program was:
| /* confdefs.h.  */
| 
| #define PACKAGE_NAME "gimp-plugin-template"
| #define PACKAGE_TARNAME "gimp-plugin-template"
| #define PACKAGE_VERSION "2.2.0"
| #define PACKAGE_STRING "gimp-plugin-template 2.2.0"
| #define PACKAGE_BUGREPORT ""
| #define PLUGIN_NAME PACKAGE_NAME
| #define PLUGIN_VERSION PACKAGE_VERSION
| #define PLUGIN_MAJOR_VERSION 2
| #define PLUGIN_MINOR_VERSION 2
| #define PLUGIN_MICRO_VERSION 0
| /* end confdefs.h.  */
| #include <ac_nonexistent.h>
configure:3958: result: gcc -E
configure:3982: gcc -E  conftest.c
configure:3988: $? = 0
configure:4020: gcc -E  conftest.c
conftest.c:14:28: fatal error: ac_nonexistent.h: No such file or directory
 #include <ac_nonexistent.h>
                            ^
compilation terminated.
configure:4026: $? = 1
configure: failed program was:
| /* confdefs.h.  */
| 
| #define PACKAGE_NAME "gimp-plugin-template"
| #define PACKAGE_TARNAME "gimp-plugin-template"
| #define PACKAGE_VERSION "2.2.0"
| #define PACKAGE_STRING "gimp-plugin-template 2.2.0"
| #define PACKAGE_BUGREPORT ""
| #define PLUGIN_NAME PACKAGE_NAME
| #define PLUGIN_VERSION PACKAGE_VERSION
| #define PLUGIN_MAJOR_VERSION 2
| #define PLUGIN_MINOR_VERSION 2
| #define PLUGIN_MICRO_VERSION 0
| /* end confdefs.h.  */
| #include <ac_nonexistent.h>
configure:4070: checking for egrep
configure:4080: result: grep -E
configure:4085: checking for ANSI C header files
configure:4110: gcc -c -g -O2  conftest.c >&5
configure:4116: $? = 0
configure:4119: test -z 			 || test ! -s conftest.err
configure:4122: $? = 0
configure:4125: test -s conftest.o
configure:4128: $? = 0
configure:4217: gcc -o conftest -g -O2   conftest.c  >&5
conftest.c: In function 'main':
conftest.c:31:7: warning: incompatible implicit declaration of built-in function 'exit' [enabled by default]
       exit(2);
       ^
configure:4220: $? = 0
configure:4222: ./conftest
configure:4225: $? = 0
configure:4240: result: yes
configure:4254: checking whether to enable maintainer-specific portions of Makefiles
configure:4263: result: no
configure:4296: checking for pkg-config
configure:4314: found /usr/bin/pkg-config
configure:4327: result: /usr/bin/pkg-config
configure:4344: checking for gimp-2.0 >= 2.2.0 gimpui-2.0 >= 2.2.0
configure:4348: result: yes
configure:4352: checking GIMP_CFLAGS
configure:4355: result: -pthread -I/usr/include/gdk-pixbuf-2.0 -I/usr/include/cairo -I/usr/include/libpng12 -I/usr/include/glib-2.0 -I/usr/lib/x86_64-linux-gnu/glib-2.0/include -I/usr/include/pixman-1 -I/usr/include/freetype2 -I/usr/include/gtk-2.0 -I/usr/lib/x86_64-linux-gnu/gtk-2.0/include -I/usr/include/atk-1.0 -I/usr/include/pango-1.0 -I/usr/include/gio-unix-2.0/ -I/usr/include/harfbuzz -I/usr/include/gimp-2.0  
configure:4358: checking GIMP_LIBS
configure:4361: result: -lgimpui-2.0 -lgimpwidgets-2.0 -lgimpmodule-2.0 -lgimp-2.0 -lgimpmath-2.0 -lgimpconfig-2.0 -lgimpcolor-2.0 -lgimpbase-2.0 -lgtk-x11-2.0 -lgdk-x11-2.0 -latk-1.0 -lgio-2.0 -lpangoft2-1.0 -lpangocairo-1.0 -lgdk_pixbuf-2.0 -lcairo -lpango-1.0 -lfontconfig -lgobject-2.0 -lglib-2.0 -lfreetype  
configure:4477: checking for perl
configure:4495: found /usr/bin/perl
configure:4507: result: /usr/bin/perl
configure:4525: checking for XML::Parser
configure:4528: result: ok
configure:4539: checking for iconv
configure:4557: found /usr/bin/iconv
configure:4570: result: /usr/bin/iconv
configure:4579: checking for msgfmt
configure:4597: found /usr/bin/msgfmt
configure:4610: result: /usr/bin/msgfmt
configure:4619: checking for msgmerge
configure:4637: found /usr/bin/msgmerge
configure:4650: result: /usr/bin/msgmerge
configure:4659: checking for xgettext
configure:4677: found /usr/bin/xgettext
configure:4690: result: /usr/bin/xgettext
configure:4752: checking for sys/types.h
configure:4768: gcc -c -g -O2 -Wall  conftest.c >&5
configure:4774: $? = 0
configure:4777: test -z 			 || test ! -s conftest.err
configure:4780: $? = 0
configure:4783: test -s conftest.o
configure:4786: $? = 0
configure:4797: result: yes
configure:4752: checking for sys/stat.h
configure:4768: gcc -c -g -O2 -Wall  conftest.c >&5
configure:4774: $? = 0
configure:4777: test -z 			 || test ! -s conftest.err
configure:4780: $? = 0
configure:4783: test -s conftest.o
configure:4786: $? = 0
configure:4797: result: yes
configure:4752: checking for stdlib.h
configure:4768: gcc -c -g -O2 -Wall  conftest.c >&5
configure:4774: $? = 0
configure:4777: test -z 			 || test ! -s conftest.err
configure:4780: $? = 0
configure:4783: test -s conftest.o
configure:4786: $? = 0
configure:4797: result: yes
configure:4752: checking for string.h
configure:4768: gcc -c -g -O2 -Wall  conftest.c >&5
configure:4774: $? = 0
configure:4777: test -z 			 || test ! -s conftest.err
configure:4780: $? = 0
configure:4783: test -s conftest.o
configure:4786: $? = 0
configure:4797: result: yes
configure:4752: checking for memory.h
configure:4768: gcc -c -g -O2 -Wall  conftest.c >&5
configure:4774: $? = 0
configure:4777: test -z 			 || test ! -s conftest.err
configure:4780: $? = 0
configure:4783: test -s conftest.o
configure:4786: $? = 0
configure:4797: result: yes
configure:4752: checking for strings.h
configure:4768: gcc -c -g -O2 -Wall  conftest.c >&5
configure:4774: $? = 0
configure:4777: test -z 			 || test ! -s conftest.err
configure:4780: $? = 0
configure:4783: test -s conftest.o
configure:4786: $? = 0
configure:4797: result: yes
configure:4752: checking for inttypes.h
configure:4768: gcc -c -g -O2 -Wall  conftest.c >&5
configure:4774: $? = 0
configure:4777: test -z 			 || test ! -s conftest.err
configure:4780: $? = 0
configure:4783: test -s conftest.o
configure:4786: $? = 0
configure:4797: result: yes
configure:4752: checking for stdint.h
configure:4768: gcc -c -g -O2 -Wall  conftest.c >&5
configure:4774: $? = 0
configure:4777: test -z 			 || test ! -s conftest.err
configure:4780: $? = 0
configure:4783: test -s conftest.o
configure:4786: $? = 0
configure:4797: result: yes
configure:4752: checking for unistd.h
configure:4768: gcc -c -g -O2 -Wall  conftest.c >&5
configure:4774: $? = 0
configure:4777: test -z 			 || test ! -s conftest.err
configure:4780: $? = 0
configure:4783: test -s conftest.o
configure:4786: $? = 0
configure:4797: result: yes
configure:4824: checking locale.h usability
configure:4836: gcc -c -g -O2 -Wall  conftest.c >&5
configure:4842: $? = 0
configure:4845: test -z 			 || test ! -s conftest.err
configure:4848: $? = 0
configure:4851: test -s conftest.o
configure:4854: $? = 0
configure:4864: result: yes
configure:4868: checking locale.h presence
configure:4878: gcc -E  conftest.c
configure:4884: $? = 0
configure:4904: result: yes
configure:4939: checking for locale.h
configure:4946: result: yes
configure:4960: checking for LC_MESSAGES
configure:4981: gcc -o conftest -g -O2 -Wall   conftest.c  >&5
configure:4987: $? = 0
configure:4990: test -z 			 || test ! -s conftest.err
configure:4993: $? = 0
configure:4996: test -s conftest
configure:4999: $? = 0
configure:5011: result: yes
configure:5040: checking libintl.h usability
configure:5052: gcc -c -g -O2 -Wall  conftest.c >&5
configure:5058: $? = 0
configure:5061: test -z 			 || test ! -s conftest.err
configure:5064: $? = 0
configure:5067: test -s conftest.o
configure:5070: $? = 0
configure:5080: result: yes
configure:5084: checking libintl.h presence
configure:5094: gcc -E  conftest.c
configure:5100: $? = 0
configure:5120: result: yes
configure:5155: checking for libintl.h
configure:5162: result: yes
configure:5173: checking for dgettext in libc
configure:5196: gcc -o conftest -g -O2 -Wall   conftest.c  >&5
conftest.c: In function 'main':
conftest.c:33:8: warning: cast from pointer to integer of different size [-Wpointer-to-int-cast]
 return (int) dgettext ("","")
        ^
configure:5202: $? = 0
configure:5205: test -z 			 || test ! -s conftest.err
configure:5208: $? = 0
configure:5211: test -s conftest
configure:5214: $? = 0
configure:5227: result: yes
configure:5235: checking for bind_textdomain_codeset
configure:5292: gcc -o conftest -g -O2 -Wall   conftest.c  >&5
configure:5298: $? = 0
configure:5301: test -z 			 || test ! -s conftest.err
configure:5304: $? = 0
configure:5307: test -s conftest
configure:5310: $? = 0
configure:5322: result: yes
configure:5690: checking for msgfmt
configure:5717: result: /usr/bin/msgfmt
configure:5730: checking for dcgettext
configure:5787: gcc -o conftest -g -O2 -Wall   conftest.c   >&5
conftest.c:53:6: warning: conflicting types for built-in function 'dcgettext' [enabled by default]
 char dcgettext ();
      ^
configure:5793: $? = 0
configure:5796: test -z 			 || test ! -s conftest.err
configure:5799: $? = 0
configure:5802: test -s conftest
configure:5805: $? = 0
configure:5817: result: yes
configure:5829: checking for gmsgfmt
configure:5860: result: /usr/bin/msgfmt
configure:5869: checking for xgettext
configure:5896: result: /usr/bin/xgettext
configure:5920: gcc -o conftest -g -O2 -Wall   conftest.c   >&5
configure:5926: $? = 0
configure:5929: test -z 			 || test ! -s conftest.err
configure:5932: $? = 0
configure:5935: test -s conftest
configure:5938: $? = 0
configure:6110: checking for catalogs to be installed
configure:6135: result:  az de fr sk sv zh_TW
configure:6172: checking for bind_textdomain_codeset
configure:6259: result: yes
configure:6277: checking if GTK+ is version 2.7.0 or newer
configure:6284: result: yes
configure:6292: checking if GIMP is version 2.3.0 or newer
configure:6299: result: yes
configure:6441: creating ./config.status

## ---------------------- ##
## Running config.status. ##
## ---------------------- ##

This file was extended by gimp-plugin-template config.status 2.2.0, which was
generated by GNU Autoconf 2.59.  Invocation command line was

  CONFIG_FILES    = 
  CONFIG_HEADERS  = 
  CONFIG_LINKS    = 
  CONFIG_COMMANDS = 
  $ ./config.status 

on mitch-Inspiron-N5050

config.status:785: creating Makefile
config.status:785: creating src/Makefile
config.status:785: creating po/Makefile.in
config.status:785: creating help/Makefile
config.status:785: creating help/en/Makefile
config.status:785: creating help/images/Makefile
config.status:851: creating config.h
config.status:979: config.h is unchanged
config.status:1159: executing depfiles commands
config.status:1159: executing intltool commands
config.status:1159: executing default-1 commands

## ---------------- ##
## Cache variables. ##
## ---------------- ##

ac_cv_c_compiler_gnu=yes
ac_cv_env_CC_set=
ac_cv_env_CC_value=
ac_cv_env_CFLAGS_set=
ac_cv_env_CFLAGS_value=
ac_cv_env_CPPFLAGS_set=
ac_cv_env_CPPFLAGS_value=
ac_cv_env_CPP_set=
ac_cv_env_CPP_value=
ac_cv_env_LDFLAGS_set=
ac_cv_env_LDFLAGS_value=
ac_cv_env_build_alias_set=
ac_cv_env_build_alias_value=
ac_cv_env_host_alias_set=
ac_cv_env_host_alias_value=
ac_cv_env_target_alias_set=
ac_cv_env_target_alias_value=
ac_cv_exeext=
ac_cv_func_bind_textdomain_codeset=yes
ac_cv_func_dcgettext=yes
ac_cv_header_inttypes_h=yes
ac_cv_header_libintl_h=yes
ac_cv_header_locale_h=yes
ac_cv_header_memory_h=yes
ac_cv_header_stdc=yes
ac_cv_header_stdint_h=yes
ac_cv_header_stdlib_h=yes
ac_cv_header_string_h=yes
ac_cv_header_strings_h=yes
ac_cv_header_sys_stat_h=yes
ac_cv_header_sys_types_h=yes
ac_cv_header_unistd_h=yes
ac_cv_lib_cposix_strerror=no
ac_cv_objext=o
ac_cv_path_GMSGFMT=/usr/bin/msgfmt
ac_cv_path_ICONV=/usr/bin/iconv
ac_cv_path_INTLTOOL_PERL=/usr/bin/perl
ac_cv_path_MSGFMT=/usr/bin/msgfmt
ac_cv_path_MSGMERGE=/usr/bin/msgmerge
ac_cv_path_PKG_CONFIG=/usr/bin/pkg-config
ac_cv_path_XGETTEXT=/usr/bin/xgettext
ac_cv_path_install='/usr/bin/install -c'
ac_cv_prog_AWK=gawk
ac_cv_prog_CPP='gcc -E'
ac_cv_prog_ac_ct_CC=gcc
ac_cv_prog_cc_g=yes
ac_cv_prog_cc_stdc=
ac_cv_prog_egrep='grep -E'
ac_cv_prog_make_make_set=yes
am_cv_CC_dependencies_compiler_type=gcc3
am_cv_prog_cc_stdc=
am_cv_val_LC_MESSAGES=yes
gt_cv_func_dgettext_libc=yes
gt_cv_func_dgettext_libintl=no
gt_cv_have_gettext=yes

## ----------------- ##
## Output variables. ##
## ----------------- ##

ACLOCAL='aclocal-1.7 '
AMDEPBACKSLASH='\'
AMDEP_FALSE='#'
AMDEP_TRUE=''
AMTAR='tar'
AUTOCONF='autoconf'
AUTOHEADER='autoheader'
AUTOMAKE='automake-1.7'
AWK='gawk'
CATALOGS=' az.gmo de.gmo fr.gmo sk.gmo sv.gmo zh_TW.gmo'
CATOBJEXT='.gmo'
CC='gcc'
CCDEPMODE='depmode=gcc3'
CFLAGS='-g -O2 -Wall'
CPP='gcc -E'
CPPFLAGS=''
CYGPATH_W='echo'
DATADIR='${datadir}/gimp-plugin-template'
DATADIRNAME='share'
DEFS='-DHAVE_CONFIG_H'
DEPDIR='.deps'
ECHO_C=''
ECHO_N='-n'
ECHO_T=''
EGREP='grep -E'
EXEEXT=''
GETTEXT_PACKAGE='gimp20-plugin-template'
GIMP_CFLAGS='-pthread -I/usr/include/gdk-pixbuf-2.0 -I/usr/include/cairo -I/usr/include/libpng12 -I/usr/include/glib-2.0 -I/usr/lib/x86_64-linux-gnu/glib-2.0/include -I/usr/include/pixman-1 -I/usr/include/freetype2 -I/usr/include/gtk-2.0 -I/usr/lib/x86_64-linux-gnu/gtk-2.0/include -I/usr/include/atk-1.0 -I/usr/include/pango-1.0 -I/usr/include/gio-unix-2.0/ -I/usr/include/harfbuzz -I/usr/include/gimp-2.0  '
GIMP_LIBDIR='/usr/lib/gimp/2.0'
GIMP_LIBS='-lgimpui-2.0 -lgimpwidgets-2.0 -lgimpmodule-2.0 -lgimp-2.0 -lgimpmath-2.0 -lgimpconfig-2.0 -lgimpcolor-2.0 -lgimpbase-2.0 -lgtk-x11-2.0 -lgdk-x11-2.0 -latk-1.0 -lgio-2.0 -lpangoft2-1.0 -lpangocairo-1.0 -lgdk_pixbuf-2.0 -lcairo -lpango-1.0 -lfontconfig -lgobject-2.0 -lglib-2.0 -lfreetype  '
GMOFILES=' az.gmo de.gmo fr.gmo sk.gmo sv.gmo zh_TW.gmo'
GMSGFMT='/usr/bin/msgfmt'
ICONV='/usr/bin/iconv'
INSTALL_DATA='${INSTALL} -m 644'
INSTALL_PROGRAM='${INSTALL}'
INSTALL_SCRIPT='${INSTALL}'
INSTALL_STRIP_PROGRAM='${SHELL} $(install_sh) -c -s'
INSTOBJEXT='.mo'
INTLLIBS=''
INTLTOOL_CAVES_RULE='%.caves:     %.caves.in     $(INTLTOOL_MERGE) $(wildcard $(top_srcdir)/po/*.po) ; LC_ALL=C $(INTLTOOL_MERGE) -d -u -c $(top_builddir)/po/.intltool-merge-cache $(top_srcdir)/po $< $@'
INTLTOOL_DESKTOP_RULE='%.desktop:   %.desktop.in   $(INTLTOOL_MERGE) $(wildcard $(top_srcdir)/po/*.po) ; LC_ALL=C $(INTLTOOL_MERGE) -d -u -c $(top_builddir)/po/.intltool-merge-cache $(top_srcdir)/po $< $@'
INTLTOOL_DIRECTORY_RULE='%.directory: %.directory.in $(INTLTOOL_MERGE) $(wildcard $(top_srcdir)/po/*.po) ; LC_ALL=C $(INTLTOOL_MERGE) -d -u -c $(top_builddir)/po/.intltool-merge-cache $(top_srcdir)/po $< $@'
INTLTOOL_EXTRACT='$(top_builddir)/intltool-extract'
INTLTOOL_KBD_RULE='%.kbd:       %.kbd.in       $(INTLTOOL_MERGE) $(wildcard $(top_srcdir)/po/*.po) ; LC_ALL=C $(INTLTOOL_MERGE) -x -u -m -c $(top_builddir)/po/.intltool-merge-cache $(top_srcdir)/po $< $@'
INTLTOOL_KEYS_RULE='%.keys:      %.keys.in      $(INTLTOOL_MERGE) $(wildcard $(top_srcdir)/po/*.po) ; LC_ALL=C $(INTLTOOL_MERGE) -k -u -c $(top_builddir)/po/.intltool-merge-cache $(top_srcdir)/po $< $@'
INTLTOOL_MERGE='$(top_builddir)/intltool-merge'
INTLTOOL_OAF_RULE='%.oaf:       %.oaf.in       $(INTLTOOL_MERGE) $(wildcard $(top_srcdir)/po/*.po) ; LC_ALL=C $(INTLTOOL_MERGE) -o -p $(top_srcdir)/po $< $@'
INTLTOOL_PERL='/usr/bin/perl'
INTLTOOL_PONG_RULE='%.pong:      %.pong.in      $(INTLTOOL_MERGE) $(wildcard $(top_srcdir)/po/*.po) ; LC_ALL=C $(INTLTOOL_MERGE) -x -u -c $(top_builddir)/po/.intltool-merge-cache $(top_srcdir)/po $< $@'
INTLTOOL_PROP_RULE='%.prop:      %.prop.in      $(INTLTOOL_MERGE) $(wildcard $(top_srcdir)/po/*.po) ; LC_ALL=C $(INTLTOOL_MERGE) -d -u -c $(top_builddir)/po/.intltool-merge-cache $(top_srcdir)/po $< $@'
INTLTOOL_SCHEMAS_RULE='%.schemas:   %.schemas.in   $(INTLTOOL_MERGE) $(wildcard $(top_srcdir)/po/*.po) ; LC_ALL=C $(INTLTOOL_MERGE) -s -u -c $(top_builddir)/po/.intltool-merge-cache $(top_srcdir)/po $< $@'
INTLTOOL_SERVER_RULE='%.server:    %.server.in    $(INTLTOOL_MERGE) $(wildcard $(top_srcdir)/po/*.po) ; LC_ALL=C $(INTLTOOL_MERGE) -o -u -c $(top_builddir)/po/.intltool-merge-cache $(top_srcdir)/po $< $@'
INTLTOOL_SHEET_RULE='%.sheet:     %.sheet.in     $(INTLTOOL_MERGE) $(wildcard $(top_srcdir)/po/*.po) ; LC_ALL=C $(INTLTOOL_MERGE) -x -u -c $(top_builddir)/po/.intltool-merge-cache $(top_srcdir)/po $< $@'
INTLTOOL_SOUNDLIST_RULE='%.soundlist: %.soundlist.in $(INTLTOOL_MERGE) $(wildcard $(top_srcdir)/po/*.po) ; LC_ALL=C $(INTLTOOL_MERGE) -d -u -c $(top_builddir)/po/.intltool-merge-cache $(top_srcdir)/po $< $@'
INTLTOOL_THEME_RULE='%.theme:     %.theme.in     $(INTLTOOL_MERGE) $(wildcard $(top_srcdir)/po/*.po) ; LC_ALL=C $(INTLTOOL_MERGE) -d -u -c $(top_builddir)/po/.intltool-merge-cache $(top_srcdir)/po $< $@'
INTLTOOL_UI_RULE='%.ui:        %.ui.in        $(INTLTOOL_MERGE) $(wildcard $(top_srcdir)/po/*.po) ; LC_ALL=C $(INTLTOOL_MERGE) -x -u -c $(top_builddir)/po/.intltool-merge-cache $(top_srcdir)/po $< $@'
INTLTOOL_UPDATE='$(top_builddir)/intltool-update'
INTLTOOL_XAM_RULE='%.xam:       %.xml.in       $(INTLTOOL_MERGE) $(wildcard $(top_srcdir)/po/*.po) ; LC_ALL=C $(INTLTOOL_MERGE) -x -u -c $(top_builddir)/po/.intltool-merge-cache $(top_srcdir)/po $< $@'
INTLTOOL_XML_NOMERGE_RULE='%.xml:       %.xml.in       $(INTLTOOL_MERGE) ; LC_ALL=C $(INTLTOOL_MERGE) -x -u /tmp $< $@'
INTLTOOL_XML_RULE='%.xml:       %.xml.in       $(INTLTOOL_MERGE) $(wildcard $(top_srcdir)/po/*.po) ; LC_ALL=C $(INTLTOOL_MERGE) -x -u -c $(top_builddir)/po/.intltool-merge-cache $(top_srcdir)/po $< $@'
LDFLAGS=''
LIBOBJS=''
LIBS=''
LOCALEDIR='${datadir}/locale'
LTLIBOBJS=''
MAINT='#'
MAINTAINER_MODE_FALSE=''
MAINTAINER_MODE_TRUE='#'
MAKEINFO='makeinfo'
MKINSTALLDIRS='./mkinstalldirs'
MSGFMT='/usr/bin/msgfmt'
MSGMERGE='/usr/bin/msgmerge'
OBJEXT='o'
PACKAGE='gimp-plugin-template'
PACKAGE_BUGREPORT=''
PACKAGE_NAME='gimp-plugin-template'
PACKAGE_STRING='gimp-plugin-template 2.2.0'
PACKAGE_TARNAME='gimp-plugin-template'
PACKAGE_VERSION='2.2.0'
PATH_SEPARATOR=':'
PKG_CONFIG='/usr/bin/pkg-config'
POFILES=' az.po de.po fr.po sk.po sv.po zh_TW.po'
POSUB='po'
PO_IN_DATADIR_FALSE=''
PO_IN_DATADIR_TRUE=''
SET_MAKE=''
SHELL='/bin/bash'
STRIP=''
USE_NLS='yes'
VERSION='2.2.0'
XGETTEXT='/usr/bin/xgettext'
ac_ct_CC='gcc'
ac_ct_STRIP=''
am__fastdepCC_FALSE='#'
am__fastdepCC_TRUE=''
am__include='include'
am__leading_dot='.'
am__quote=''
bindir='${exec_prefix}/bin'
build_alias=''
datadir='${prefix}/share'
exec_prefix='${prefix}'
host_alias=''
includedir='${prefix}/include'
infodir='${prefix}/info'
install_sh='/home/mitch/Scripts projects misc/Mitch's/Misc-C++-Projects/Moasic/gimp-plugin-template-2.2.0/install-sh'
libdir='${exec_prefix}/lib'
libexecdir='${exec_prefix}/libexec'
localstatedir='${prefix}/var'
mandir='${prefix}/man'
mkdir_p='mkdir -p -- .'
oldincludedir='/usr/include'
prefix='/usr/local'
program_transform_name='s,x,x,'
sbindir='${exec_prefix}/sbin'
sharedstatedir='${prefix}/com'
sysconfdir='${prefix}/etc'
target_alias=''

## ----------- ##
## confdefs.h. ##
## ----------- ##

#define ENABLE_NLS 1
#define GETTEXT_PACKAGE "gimp20-plugin-template"
#define HAVE_BIND_TEXTDOMAIN_CODESET 1
#define HAVE_BIND_TEXTDOMAIN_CODESET 1
#define HAVE_DCGETTEXT 1
#define HAVE_GETTEXT 1
#define HAVE_INTTYPES_H 1
#define HAVE_LC_MESSAGES 1
#define HAVE_LOCALE_H 1
#define HAVE_MEMORY_H 1
#define HAVE_STDINT_H 1
#define HAVE_STDLIB_H 1
#define HAVE_STRINGS_H 1
#define HAVE_STRING_H 1
#define HAVE_SYS_STAT_H 1
#define HAVE_SYS_TYPES_H 1
#define HAVE_UNISTD_H 1
#define PACKAGE_BUGREPORT ""
#define PACKAGE_NAME "gimp-plugin-template"
#define PACKAGE_STRING "gimp-plugin-template 2.2.0"
#define PACKAGE_TARNAME "gimp-plugin-template"
#define PACKAGE_VERSION "2.2.0"
#define PLUGIN_MAJOR_VERSION 2
#define PLUGIN_MICRO_VERSION 0
#define PLUGIN_MINOR_VERSION 2
#define PLUGIN_NAME PACKAGE_NAME
#define PLUGIN_VERSION PACKAGE_VERSION
#define STDC_HEADERS 1

configure: exit 0
